<?xml version="1.0" encoding="UTF-8"?>
<testng-results ignored="0" total="1" passed="1" failed="0" skipped="0">
  <reporter-output>
  </reporter-output>
  <suite started-at="2023-12-27T18:09:13 IST" name="Default suite" finished-at="2023-12-27T18:09:15 IST" duration-ms="2260">
    <groups>
    </groups>
    <test started-at="2023-12-27T18:09:13 IST" name="Default test" finished-at="2023-12-27T18:09:15 IST" duration-ms="2260">
      <class name="com.simplilearn.eLearning.SimplilearnWithTDD.eLearning">
        <test-method is-config="true" signature="setUp()[pri:0, instance:com.simplilearn.eLearning.SimplilearnWithTDD.eLearning@2f9f7dcf]" started-at="2023-12-27T18:09:13 IST" name="setUp" finished-at="2023-12-27T18:09:14 IST" duration-ms="1180" status="PASS">
          <reporter-output>
          </reporter-output>
        </test-method> <!-- setUp -->
        <test-method signature="testWebsiteTitle()[pri:0, instance:com.simplilearn.eLearning.SimplilearnWithTDD.eLearning@2f9f7dcf]" started-at="2023-12-27T18:09:14 IST" name="testWebsiteTitle" finished-at="2023-12-27T18:09:15 IST" duration-ms="1043" status="PASS">
          <reporter-output>
          </reporter-output>
        </test-method> <!-- testWebsiteTitle -->
        <test-method is-config="true" signature="tearDown()[pri:0, instance:com.simplilearn.eLearning.SimplilearnWithTDD.eLearning@2f9f7dcf]" started-at="2023-12-27T18:09:15 IST" name="tearDown" finished-at="2023-12-27T18:09:15 IST" duration-ms="1" status="PASS">
          <reporter-output>
          </reporter-output>
        </test-method> <!-- tearDown -->
      </class> <!-- com.simplilearn.eLearning.SimplilearnWithTDD.eLearning -->
    </test> <!-- Default test -->
  </suite> <!-- Default suite -->
</testng-results>
